(0.001) 
            SELECT name, type FROM sqlite_master
            WHERE type in ('table', 'view') AND NOT name='sqlite_sequence'
            ORDER BY name; args=None
(0.000) SELECT "django_migrations"."app", "django_migrations"."name" FROM "django_migrations"; args=()
(0.001) SELECT "django_session"."session_key", "django_session"."session_data", "django_session"."expire_date" FROM "django_session" WHERE ("django_session"."session_key" = 'vw0bstj68w6np8f6yaqgb5e9elsd1vwc' AND "django_session"."expire_date" > '2017-11-02 19:39:58.458110'); args=('vw0bstj68w6np8f6yaqgb5e9elsd1vwc', u'2017-11-02 19:39:58.458110')
(0.001) SELECT "auth_user"."id", "auth_user"."password", "auth_user"."last_login", "auth_user"."is_superuser", "auth_user"."username", "auth_user"."first_name", "auth_user"."last_name", "auth_user"."email", "auth_user"."is_staff", "auth_user"."is_active", "auth_user"."date_joined" FROM "auth_user" WHERE "auth_user"."id" = 4; args=(4,)
"GET /app/home HTTP/1.1" 200 7408
"GET /static/assets/css/materialize.css.map HTTP/1.1" 404 1804


curl -X POST -F "banana_positive_examples=@/home/harley/Imagens/doencas/psoriase.zip" -F "negative_examples=@/home/harley/Imagens/more-img.zip" "https://gateway-a.watsonplatform.net/visual-recognition/api/v3/classifiers/diseases_264708392?api_key=5f1b04ca03706f380cda056c1a5768093a15a309&version=2016-05-20"(0.002) SELECT "django_session"."session_key", "django_session"."session_data", "django_session"."expire_date" FROM "django_session" WHERE ("django_session"."session_key" = 'vw0bstj68w6np8f6yaqgb5e9elsd1vwc' AND "django_session"."expire_date" > '2017-11-02 20:41:48.977476'); args=('vw0bstj68w6np8f6yaqgb5e9elsd1vwc', u'2017-11-02 20:41:48.977476')
(0.001) SELECT "auth_user"."id", "auth_user"."password", "auth_user"."last_login", "auth_user"."is_superuser", "auth_user"."username", "auth_user"."first_name", "auth_user"."last_name", "auth_user"."email", "auth_user"."is_staff", "auth_user"."is_active", "auth_user"."date_joined" FROM "auth_user" WHERE "auth_user"."id" = 4; args=(4,)
"POST /app/classifier/getDisease HTTP/1.1" 200 422
(0.002) SELECT "django_session"."session_key", "django_session"."session_data", "django_session"."expire_date" FROM "django_session" WHERE ("django_session"."session_key" = 'vw0bstj68w6np8f6yaqgb5e9elsd1vwc' AND "django_session"."expire_date" > '2017-11-02 20:46:16.370806'); args=('vw0bstj68w6np8f6yaqgb5e9elsd1vwc', u'2017-11-02 20:46:16.370806')
(0.000) SELECT "auth_user"."id", "auth_user"."password", "auth_user"."last_login", "auth_user"."is_superuser", "auth_user"."username", "auth_user"."first_name", "auth_user"."last_name", "auth_user"."email", "auth_user"."is_staff", "auth_user"."is_active", "auth_user"."date_joined" FROM "auth_user" WHERE "auth_user"."id" = 4; args=(4,)
"POST /app/classifier/getDisease HTTP/1.1" 200 419
(0.001) SELECT "django_session"."session_key", "django_session"."session_data", "django_session"."expire_date" FROM "django_session" WHERE ("django_session"."session_key" = 'vw0bstj68w6np8f6yaqgb5e9elsd1vwc' AND "django_session"."expire_date" > '2017-11-02 20:46:58.197043'); args=('vw0bstj68w6np8f6yaqgb5e9elsd1vwc', u'2017-11-02 20:46:58.197043')
(0.001) SELECT "auth_user"."id", "auth_user"."password", "auth_user"."last_login", "auth_user"."is_superuser", "auth_user"."username", "auth_user"."first_name", "auth_user"."last_name", "auth_user"."email", "auth_user"."is_staff", "auth_user"."is_active", "auth_user"."date_joined" FROM "auth_user" WHERE "auth_user"."id" = 4; args=(4,)
"POST /app/classifier/getDisease HTTP/1.1" 200 307
CREATE TABLE "django_migrations" ("id" integer NOT NULL PRIMARY KEY AUTOINCREMENT, "app" varchar(255) NOT NULL, "name" varchar(255) NOT NULL, "applied" datetime NOT NULL); (params None)
CREATE TABLE "django_content_type" ("id" integer NOT NULL PRIMARY KEY AUTOINCREMENT, "name" varchar(100) NOT NULL, "app_label" varchar(100) NOT NULL, "model" varchar(100) NOT NULL); (params None)
CREATE UNIQUE INDEX "django_content_type_app_label_model_76bd3d3b_uniq" ON "django_content_type" ("app_label", "model"); (params ())
CREATE TABLE "auth_permission" ("id" integer NOT NULL PRIMARY KEY AUTOINCREMENT, "name" varchar(50) NOT NULL, "content_type_id" integer NOT NULL REFERENCES "django_content_type" ("id"), "codename" varchar(100) NOT NULL); (params None)
CREATE TABLE "auth_group" ("id" integer NOT NULL PRIMARY KEY AUTOINCREMENT, "name" varchar(80) NOT NULL UNIQUE); (params None)
CREATE TABLE "auth_group_permissions" ("id" integer NOT NULL PRIMARY KEY AUTOINCREMENT, "group_id" integer NOT NULL REFERENCES "auth_group" ("id"), "permission_id" integer NOT NULL REFERENCES "auth_permission" ("id")); (params None)
CREATE TABLE "auth_user" ("id" integer NOT NULL PRIMARY KEY AUTOINCREMENT, "password" varchar(128) NOT NULL, "last_login" datetime NOT NULL, "is_superuser" bool NOT NULL, "username" varchar(30) NOT NULL UNIQUE, "first_name" varchar(30) NOT NULL, "last_name" varchar(30) NOT NULL, "email" varchar(75) NOT NULL, "is_staff" bool NOT NULL, "is_active" bool NOT NULL, "date_joined" datetime NOT NULL); (params None)
CREATE TABLE "auth_user_groups" ("id" integer NOT NULL PRIMARY KEY AUTOINCREMENT, "user_id" integer NOT NULL REFERENCES "auth_user" ("id"), "group_id" integer NOT NULL REFERENCES "auth_group" ("id")); (params None)
CREATE TABLE "auth_user_user_permissions" ("id" integer NOT NULL PRIMARY KEY AUTOINCREMENT, "user_id" integer NOT NULL REFERENCES "auth_user" ("id"), "permission_id" integer NOT NULL REFERENCES "auth_permission" ("id")); (params None)
CREATE UNIQUE INDEX "auth_permission_content_type_id_codename_01ab375a_uniq" ON "auth_permission" ("content_type_id", "codename"); (params ())
CREATE INDEX "auth_permission_content_type_id_2f476e4b" ON "auth_permission" ("content_type_id"); (params ())
CREATE UNIQUE INDEX "auth_group_permissions_group_id_permission_id_0cd325b0_uniq" ON "auth_group_permissions" ("group_id", "permission_id"); (params ())
CREATE INDEX "auth_group_permissions_group_id_b120cbf9" ON "auth_group_permissions" ("group_id"); (params ())
CREATE INDEX "auth_group_permissions_permission_id_84c5c92e" ON "auth_group_permissions" ("permission_id"); (params ())
CREATE UNIQUE INDEX "auth_user_groups_user_id_group_id_94350c0c_uniq" ON "auth_user_groups" ("user_id", "group_id"); (params ())
CREATE INDEX "auth_user_groups_user_id_6a12ed8b" ON "auth_user_groups" ("user_id"); (params ())
CREATE INDEX "auth_user_groups_group_id_97559544" ON "auth_user_groups" ("group_id"); (params ())
CREATE UNIQUE INDEX "auth_user_user_permissions_user_id_permission_id_14a6b632_uniq" ON "auth_user_user_permissions" ("user_id", "permission_id"); (params ())
CREATE INDEX "auth_user_user_permissions_user_id_a95ead1b" ON "auth_user_user_permissions" ("user_id"); (params ())
CREATE INDEX "auth_user_user_permissions_permission_id_1fbb5f2c" ON "auth_user_user_permissions" ("permission_id"); (params ())
CREATE TABLE "django_admin_log" ("id" integer NOT NULL PRIMARY KEY AUTOINCREMENT, "action_time" datetime NOT NULL, "object_id" text NULL, "object_repr" varchar(200) NOT NULL, "action_flag" smallint unsigned NOT NULL, "change_message" text NOT NULL, "content_type_id" integer NULL REFERENCES "django_content_type" ("id"), "user_id" integer NOT NULL REFERENCES "auth_user" ("id")); (params None)
CREATE INDEX "django_admin_log_content_type_id_c4bce8eb" ON "django_admin_log" ("content_type_id"); (params ())
CREATE INDEX "django_admin_log_user_id_c564eba6" ON "django_admin_log" ("user_id"); (params ())
ALTER TABLE "django_admin_log" RENAME TO "django_admin_log__old"; (params ())
CREATE TABLE "django_admin_log" ("id" integer NOT NULL PRIMARY KEY AUTOINCREMENT, "object_id" text NULL, "object_repr" varchar(200) NOT NULL, "action_flag" smallint unsigned NOT NULL, "change_message" text NOT NULL, "content_type_id" integer NULL REFERENCES "django_content_type" ("id"), "user_id" integer NOT NULL REFERENCES "auth_user" ("id"), "action_time" datetime NOT NULL); (params None)
INSERT INTO "django_admin_log" ("action_flag", "action_time", "user_id", "content_type_id", "object_repr", "object_id", "change_message", "id") SELECT "action_flag", "action_time", "user_id", "content_type_id", "object_repr", "object_id", "change_message", "id" FROM "django_admin_log__old"; (params ())
DROP TABLE "django_admin_log__old"; (params ())
CREATE INDEX "django_admin_log_content_type_id_c4bce8eb" ON "django_admin_log" ("content_type_id"); (params ())
CREATE INDEX "django_admin_log_user_id_c564eba6" ON "django_admin_log" ("user_id"); (params ())
CREATE TABLE "administrator_disease" ("id" integer NOT NULL PRIMARY KEY AUTOINCREMENT, "name" varchar(80) NOT NULL, "type" varchar(80) NOT NULL, "description" varchar(200) NOT NULL); (params None)
ALTER TABLE "administrator_disease" RENAME TO "administrator_disease__old"; (params ())
CREATE TABLE "administrator_disease" ("id" integer NOT NULL PRIMARY KEY AUTOINCREMENT, "name" varchar(80) NOT NULL, "type" varchar(80) NOT NULL, "description" varchar(150) NOT NULL); (params None)
INSERT INTO "administrator_disease" ("description", "type", "id", "name") SELECT "description", "type", "id", "name" FROM "administrator_disease__old"; (params ())
DROP TABLE "administrator_disease__old"; (params ())
ALTER TABLE "administrator_disease" RENAME TO "administrator_disease__old"; (params ())
CREATE TABLE "administrator_disease" ("id" integer NOT NULL PRIMARY KEY AUTOINCREMENT, "type" varchar(80) NOT NULL, "description" varchar(150) NOT NULL, "name" varchar(150) NOT NULL); (params None)
INSERT INTO "administrator_disease" ("description", "type", "id", "name") SELECT "description", "type", "id", "name" FROM "administrator_disease__old"; (params ())
DROP TABLE "administrator_disease__old"; (params ())
ALTER TABLE "administrator_disease" RENAME TO "administrator_disease__old"; (params ())
CREATE TABLE "administrator_disease" ("id" integer NOT NULL PRIMARY KEY AUTOINCREMENT, "name" varchar(150) NOT NULL, "description" varchar(150) NOT NULL, "type" varchar(150) NOT NULL); (params None)
INSERT INTO "administrator_disease" ("description", "type", "id", "name") SELECT "description", "type", "id", "name" FROM "administrator_disease__old"; (params ())
DROP TABLE "administrator_disease__old"; (params ())
ALTER TABLE "administrator_disease" RENAME TO "administrator_disease__old"; (params ())
CREATE TABLE "administrator_disease" ("id" integer NOT NULL PRIMARY KEY AUTOINCREMENT, "name" varchar(150) NOT NULL, "type" varchar(150) NOT NULL, "description" varchar(150) NOT NULL); (params None)
INSERT INTO "administrator_disease" ("description", "type", "id", "name") SELECT "description", "type", "id", "name" FROM "administrator_disease__old"; (params ())
DROP TABLE "administrator_disease__old"; (params ())
ALTER TABLE "administrator_disease" RENAME TO "administrator_disease__old"; (params ())
CREATE TABLE "administrator_disease" ("id" integer NOT NULL PRIMARY KEY AUTOINCREMENT, "type" varchar(150) NOT NULL, "description" varchar(150) NOT NULL, "name" varchar(150) NOT NULL); (params None)
INSERT INTO "administrator_disease" ("description", "type", "id", "name") SELECT "description", "type", "id", "name" FROM "administrator_disease__old"; (params ())
DROP TABLE "administrator_disease__old"; (params ())
ALTER TABLE "administrator_disease" RENAME TO "administrator_disease__old"; (params ())
CREATE TABLE "administrator_disease" ("id" integer NOT NULL PRIMARY KEY AUTOINCREMENT, "name" varchar(150) NOT NULL, "description" varchar(150) NOT NULL, "type" varchar(150) NOT NULL); (params None)
INSERT INTO "administrator_disease" ("description", "type", "id", "name") SELECT "description", "type", "id", "name" FROM "administrator_disease__old"; (params ())
DROP TABLE "administrator_disease__old"; (params ())
ALTER TABLE "administrator_disease" RENAME TO "administrator_disease__old"; (params ())
CREATE TABLE "administrator_disease" ("id" integer NOT NULL PRIMARY KEY AUTOINCREMENT, "name" varchar(150) NOT NULL, "type" varchar(150) NOT NULL, "description" text NOT NULL); (params None)
INSERT INTO "administrator_disease" ("description", "type", "id", "name") SELECT "description", "type", "id", "name" FROM "administrator_disease__old"; (params ())
DROP TABLE "administrator_disease__old"; (params ())
ALTER TABLE "administrator_disease" RENAME TO "administrator_disease__old"; (params ())
CREATE TABLE "administrator_disease" ("id" integer NOT NULL PRIMARY KEY AUTOINCREMENT, "name" varchar(150) NOT NULL, "type" varchar(150) NOT NULL, "description" text NOT NULL, "classifier_id" varchar(150) NULL); (params None)
INSERT INTO "administrator_disease" ("classifier_id", "description", "type", "id", "name") SELECT NULL, "description", "type", "id", "name" FROM "administrator_disease__old"; (params ())
DROP TABLE "administrator_disease__old"; (params ())
ALTER TABLE "administrator_disease" RENAME TO "administrator_disease__old"; (params ())
CREATE TABLE "administrator_disease" ("id" integer NOT NULL PRIMARY KEY AUTOINCREMENT, "name" varchar(150) NOT NULL, "type" varchar(150) NOT NULL, "classifier_id" varchar(150) NULL, "description" text NOT NULL); (params None)
INSERT INTO "administrator_disease" ("classifier_id", "description", "type", "id", "name") SELECT "classifier_id", "description", "type", "id", "name" FROM "administrator_disease__old"; (params ())
DROP TABLE "administrator_disease__old"; (params ())
ALTER TABLE "administrator_disease" RENAME TO "administrator_disease__old"; (params ())
CREATE TABLE "administrator_disease" ("id" integer NOT NULL PRIMARY KEY AUTOINCREMENT, "type" varchar(150) NOT NULL, "description" text NOT NULL, "classifier_id" varchar(150) NULL, "name" varchar(150) NOT NULL); (params None)
INSERT INTO "administrator_disease" ("classifier_id", "description", "type", "id", "name") SELECT "classifier_id", "description", "type", "id", "name" FROM "administrator_disease__old"; (params ())
DROP TABLE "administrator_disease__old"; (params ())
ALTER TABLE "administrator_disease" RENAME TO "administrator_disease__old"; (params ())
CREATE TABLE "administrator_disease" ("id" integer NOT NULL PRIMARY KEY AUTOINCREMENT, "name" varchar(150) NOT NULL, "description" text NOT NULL, "classifier_id" varchar(150) NULL, "type" varchar(150) NOT NULL); (params None)
INSERT INTO "administrator_disease" ("classifier_id", "description", "type", "id", "name") SELECT "classifier_id", "description", "type", "id", "name" FROM "administrator_disease__old"; (params ())
DROP TABLE "administrator_disease__old"; (params ())
ALTER TABLE "django_content_type" RENAME TO "django_content_type__old"; (params ())
CREATE TABLE "django_content_type" ("id" integer NOT NULL PRIMARY KEY AUTOINCREMENT, "app_label" varchar(100) NOT NULL, "model" varchar(100) NOT NULL, "name" varchar(100) NULL); (params None)
INSERT INTO "django_content_type" ("model", "app_label", "id", "name") SELECT "model", "app_label", "id", "name" FROM "django_content_type__old"; (params ())
DROP TABLE "django_content_type__old"; (params ())
CREATE UNIQUE INDEX "django_content_type_app_label_model_76bd3d3b_uniq" ON "django_content_type" ("app_label", "model"); (params ())
ALTER TABLE "django_content_type" RENAME TO "django_content_type__old"; (params ())
CREATE TABLE "django_content_type" ("id" integer NOT NULL PRIMARY KEY AUTOINCREMENT, "app_label" varchar(100) NOT NULL, "model" varchar(100) NOT NULL); (params None)
INSERT INTO "django_content_type" ("model", "app_label", "id") SELECT "model", "app_label", "id" FROM "django_content_type__old"; (params ())
DROP TABLE "django_content_type__old"; (params ())
CREATE UNIQUE INDEX "django_content_type_app_label_model_76bd3d3b_uniq" ON "django_content_type" ("app_label", "model"); (params ())
ALTER TABLE "auth_permission" RENAME TO "auth_permission__old"; (params ())
CREATE TABLE "auth_permission" ("id" integer NOT NULL PRIMARY KEY AUTOINCREMENT, "content_type_id" integer NOT NULL REFERENCES "django_content_type" ("id"), "codename" varchar(100) NOT NULL, "name" varchar(255) NOT NULL); (params None)
INSERT INTO "auth_permission" ("content_type_id", "codename", "id", "name") SELECT "content_type_id", "codename", "id", "name" FROM "auth_permission__old"; (params ())
DROP TABLE "auth_permission__old"; (params ())
CREATE UNIQUE INDEX "auth_permission_content_type_id_codename_01ab375a_uniq" ON "auth_permission" ("content_type_id", "codename"); (params ())
CREATE INDEX "auth_permission_content_type_id_2f476e4b" ON "auth_permission" ("content_type_id"); (params ())
ALTER TABLE "auth_user" RENAME TO "auth_user__old"; (params ())
CREATE TABLE "auth_user" ("id" integer NOT NULL PRIMARY KEY AUTOINCREMENT, "password" varchar(128) NOT NULL, "last_login" datetime NOT NULL, "is_superuser" bool NOT NULL, "username" varchar(30) NOT NULL UNIQUE, "first_name" varchar(30) NOT NULL, "last_name" varchar(30) NOT NULL, "is_staff" bool NOT NULL, "is_active" bool NOT NULL, "date_joined" datetime NOT NULL, "email" varchar(254) NOT NULL); (params None)
INSERT INTO "auth_user" ("username", "first_name", "last_name", "is_active", "email", "is_superuser", "is_staff", "last_login", "password", "id", "date_joined") SELECT "username", "first_name", "last_name", "is_active", "email", "is_superuser", "is_staff", "last_login", "password", "id", "date_joined" FROM "auth_user__old"; (params ())
DROP TABLE "auth_user__old"; (params ())
ALTER TABLE "auth_user" RENAME TO "auth_user__old"; (params ())
CREATE TABLE "auth_user" ("id" integer NOT NULL PRIMARY KEY AUTOINCREMENT, "password" varchar(128) NOT NULL, "last_login" datetime NOT NULL, "is_superuser" bool NOT NULL, "first_name" varchar(30) NOT NULL, "last_name" varchar(30) NOT NULL, "email" varchar(254) NOT NULL, "is_staff" bool NOT NULL, "is_active" bool NOT NULL, "date_joined" datetime NOT NULL, "username" varchar(30) NOT NULL UNIQUE); (params None)
INSERT INTO "auth_user" ("username", "first_name", "last_name", "is_active", "email", "is_superuser", "is_staff", "last_login", "password", "id", "date_joined") SELECT "username", "first_name", "last_name", "is_active", "email", "is_superuser", "is_staff", "last_login", "password", "id", "date_joined" FROM "auth_user__old"; (params ())
DROP TABLE "auth_user__old"; (params ())
ALTER TABLE "auth_user" RENAME TO "auth_user__old"; (params ())
CREATE TABLE "auth_user" ("id" integer NOT NULL PRIMARY KEY AUTOINCREMENT, "password" varchar(128) NOT NULL, "is_superuser" bool NOT NULL, "username" varchar(30) NOT NULL UNIQUE, "first_name" varchar(30) NOT NULL, "last_name" varchar(30) NOT NULL, "email" varchar(254) NOT NULL, "is_staff" bool NOT NULL, "is_active" bool NOT NULL, "date_joined" datetime NOT NULL, "last_login" datetime NULL); (params None)
INSERT INTO "auth_user" ("username", "first_name", "last_name", "is_active", "email", "is_superuser", "is_staff", "last_login", "password", "id", "date_joined") SELECT "username", "first_name", "last_name", "is_active", "email", "is_superuser", "is_staff", "last_login", "password", "id", "date_joined" FROM "auth_user__old"; (params ())
DROP TABLE "auth_user__old"; (params ())
ALTER TABLE "auth_user" RENAME TO "auth_user__old"; (params ())
CREATE TABLE "auth_user" ("id" integer NOT NULL PRIMARY KEY AUTOINCREMENT, "password" varchar(128) NOT NULL, "last_login" datetime NULL, "is_superuser" bool NOT NULL, "first_name" varchar(30) NOT NULL, "last_name" varchar(30) NOT NULL, "email" varchar(254) NOT NULL, "is_staff" bool NOT NULL, "is_active" bool NOT NULL, "date_joined" datetime NOT NULL, "username" varchar(30) NOT NULL UNIQUE); (params None)
INSERT INTO "auth_user" ("username", "first_name", "last_name", "is_active", "email", "is_superuser", "is_staff", "last_login", "password", "id", "date_joined") SELECT "username", "first_name", "last_name", "is_active", "email", "is_superuser", "is_staff", "last_login", "password", "id", "date_joined" FROM "auth_user__old"; (params ())
DROP TABLE "auth_user__old"; (params ())
ALTER TABLE "auth_user" RENAME TO "auth_user__old"; (params ())
CREATE TABLE "auth_user" ("id" integer NOT NULL PRIMARY KEY AUTOINCREMENT, "password" varchar(128) NOT NULL, "last_login" datetime NULL, "is_superuser" bool NOT NULL, "first_name" varchar(30) NOT NULL, "last_name" varchar(30) NOT NULL, "email" varchar(254) NOT NULL, "is_staff" bool NOT NULL, "is_active" bool NOT NULL, "date_joined" datetime NOT NULL, "username" varchar(150) NOT NULL UNIQUE); (params None)
INSERT INTO "auth_user" ("username", "first_name", "last_name", "is_active", "email", "is_superuser", "is_staff", "last_login", "password", "id", "date_joined") SELECT "username", "first_name", "last_name", "is_active", "email", "is_superuser", "is_staff", "last_login", "password", "id", "date_joined" FROM "auth_user__old"; (params ())
DROP TABLE "auth_user__old"; (params ())
CREATE TABLE "django_session" ("session_key" varchar(40) NOT NULL PRIMARY KEY, "session_data" text NOT NULL, "expire_date" datetime NOT NULL); (params None)
CREATE INDEX "django_session_expire_date_a5c62663" ON "django_session" ("expire_date"); (params ())
(0.023) 
            SELECT name, type FROM sqlite_master
            WHERE type in ('table', 'view') AND NOT name='sqlite_sequence'
            ORDER BY name; args=None
(0.000) SELECT "django_migrations"."app", "django_migrations"."name" FROM "django_migrations"; args=()
"GET / HTTP/1.1" 200 4098
"GET /static/assets/css/website/main.css HTTP/1.1" 200 6069
"GET /static/assets/css/img/site-logo.png HTTP/1.1" 404 1798
"GET /static/assets/css/img/cover.jpg HTTP/1.1" 404 1786
Exception while resolving variable 'name' in template 'unknown'.
Traceback (most recent call last):
  File "/home/harley/.local/lib/python2.7/site-packages/django/template/base.py", line 903, in _resolve_lookup
    (bit, current))  # missing attribute
VariableDoesNotExist: Failed lookup for key [name] in u"<RegexURLResolver <module 'administrator.urls' from '/home/harley/PycharmProjects/diseases-recognition/administrator/urls.pyc'> (None:None) ^app/>"
Not Found: /favicon.ico
"GET /favicon.ico HTTP/1.1" 404 2217
"GET / HTTP/1.1" 200 4098
"GET /static/assets/css/img/site-logo.png HTTP/1.1" 404 1798
"GET /static/assets/css/img/cover.jpg HTTP/1.1" 404 1786
"GET / HTTP/1.1" 200 4098
"GET /static/assets/css/img/cover.jpg HTTP/1.1" 404 1786
"GET /static/assets/css/img/site-logo.png HTTP/1.1" 404 1798
"GET / HTTP/1.1" 200 4167
"GET /static/assets/css/img/cover.jpg HTTP/1.1" 404 1786
"GET /static/assets/css/img/site-logo.png HTTP/1.1" 404 1798
Exception while resolving variable 'name' in template 'unknown'.
Traceback (most recent call last):
  File "/home/harley/.local/lib/python2.7/site-packages/django/template/base.py", line 903, in _resolve_lookup
    (bit, current))  # missing attribute
VariableDoesNotExist: Failed lookup for key [name] in u"<RegexURLResolver <module 'administrator.urls' from '/home/harley/PycharmProjects/diseases-recognition/administrator/urls.pyc'> (None:None) ^app/>"
Not Found: /index.html
"GET /index.html HTTP/1.1" 404 2214
"GET / HTTP/1.1" 200 4167
"GET /static/assets/css/img/site-logo.png HTTP/1.1" 404 1798
"GET /static/assets/css/img/cover.jpg HTTP/1.1" 404 1786
"GET / HTTP/1.1" 200 4195
"GET /static/assets/css/img/site-logo.png HTTP/1.1" 404 1798
"GET /static/assets/css/img/cover.jpg HTTP/1.1" 404 1786
"GET / HTTP/1.1" 200 4195
"GET / HTTP/1.1" 200 4188
"GET / HTTP/1.1" 200 4189
"GET / HTTP/1.1" 200 4189
"GET / HTTP/1.1" 200 4187
"GET / HTTP/1.1" 200 4188
"GET / HTTP/1.1" 200 4188
"GET / HTTP/1.1" 200 4143
"GET /static/assets/css/img/site-logo.png HTTP/1.1" 404 1798
"GET /static/assets/css/img/cover.jpg HTTP/1.1" 404 1786
"GET /app/ HTTP/1.1" 200 5489
"GET /static/assets/css/prism.css HTTP/1.1" 200 2313
"GET /static/assets/css/simplebar.css HTTP/1.1" 200 3044
"GET /static/assets/css/materialize.css HTTP/1.1" 200 220644
"GET /static/assets/js/prism.js HTTP/1.1" 200 9656
"GET /static/assets/css/auth/login.css HTTP/1.1" 200 192
"GET /static/assets/js/simplebar.min.js HTTP/1.1" 200 5123
"GET /static/assets/css/dropify.css HTTP/1.1" 200 12973
"GET /static/assets/js/initialize.js HTTP/1.1" 200 2767
"GET /static/assets/js/materialize.min.js HTTP/1.1" 200 126238
"GET /static/assets/js/dropify.min.js HTTP/1.1" 200 10515
"GET /static/assets/font/roboto/Roboto-Light.woff2 HTTP/1.1" 200 49380
"GET /static/assets/font/material-design-icons/Material-Design-Icons.woff2 HTTP/1.1" 200 33220
"GET /static/assets/font/roboto/Roboto-Regular.woff2 HTTP/1.1" 200 49236
Exception while resolving variable 'error_messages' in template 'auth/register.html'.
Traceback (most recent call last):
  File "/home/harley/.local/lib/python2.7/site-packages/django/template/base.py", line 903, in _resolve_lookup
    (bit, current))  # missing attribute
VariableDoesNotExist: Failed lookup for key [error_messages] in u'<tr><th><label for="id_username">Username:</label></th><td><input type="email" name="username" id="id_username" required class="validate" maxlength="150" /><br /><span class="helptext">Required. 150 characters or fewer. Letters, digits and @/./+/-/_ only.</span></td></tr>\n<tr><th><label for="id_first_name">First name:</label></th><td><input type="text" name="first_name" id="id_first_name" class="validate" maxlength="30" /></td></tr>\n<tr><th><label for="id_password">Password:</label></th><td><input type="password" name="password" id="id_password" required class="validate" maxlength="128" /></td></tr>'
Exception while resolving variable 'error_messages' in template 'auth/register.html'.
Traceback (most recent call last):
  File "/home/harley/.local/lib/python2.7/site-packages/django/template/base.py", line 903, in _resolve_lookup
    (bit, current))  # missing attribute
VariableDoesNotExist: Failed lookup for key [error_messages] in u'<tr><th><label for="id_username">Username:</label></th><td><input type="email" name="username" id="id_username" required class="validate" maxlength="150" /><br /><span class="helptext">Required. 150 characters or fewer. Letters, digits and @/./+/-/_ only.</span></td></tr>\n<tr><th><label for="id_first_name">First name:</label></th><td><input type="text" name="first_name" id="id_first_name" class="validate" maxlength="30" /></td></tr>\n<tr><th><label for="id_password">Password:</label></th><td><input type="password" name="password" id="id_password" required class="validate" maxlength="128" /></td></tr>'
Exception while resolving variable 'error_messages' in template 'auth/register.html'.
Traceback (most recent call last):
  File "/home/harley/.local/lib/python2.7/site-packages/django/template/base.py", line 903, in _resolve_lookup
    (bit, current))  # missing attribute
VariableDoesNotExist: Failed lookup for key [error_messages] in u'<tr><th><label for="id_username">Username:</label></th><td><input type="email" name="username" id="id_username" required class="validate" maxlength="150" /><br /><span class="helptext">Required. 150 characters or fewer. Letters, digits and @/./+/-/_ only.</span></td></tr>\n<tr><th><label for="id_first_name">First name:</label></th><td><input type="text" name="first_name" id="id_first_name" class="validate" maxlength="30" /></td></tr>\n<tr><th><label for="id_password">Password:</label></th><td><input type="password" name="password" id="id_password" required class="validate" maxlength="128" /></td></tr>'
"GET /app/register HTTP/1.1" 200 6653
"GET /static/assets/css/materialize.css.map HTTP/1.1" 404 1804
Exception while resolving variable 'error_messages' in template 'auth/register.html'.
Traceback (most recent call last):
  File "/home/harley/.local/lib/python2.7/site-packages/django/template/base.py", line 903, in _resolve_lookup
    (bit, current))  # missing attribute
VariableDoesNotExist: Failed lookup for key [error_messages] in u'<tr><th><label for="id_username">Username:</label></th><td><input type="email" name="username" id="id_username" required class="validate" maxlength="150" /><br /><span class="helptext">Required. 150 characters or fewer. Letters, digits and @/./+/-/_ only.</span></td></tr>\n<tr><th><label for="id_first_name">First name:</label></th><td><input type="text" name="first_name" id="id_first_name" class="validate" maxlength="30" /></td></tr>\n<tr><th><label for="id_password">Password:</label></th><td><input type="password" name="password" id="id_password" required class="validate" maxlength="128" /></td></tr>'
Exception while resolving variable 'error_messages' in template 'auth/register.html'.
Traceback (most recent call last):
  File "/home/harley/.local/lib/python2.7/site-packages/django/template/base.py", line 903, in _resolve_lookup
    (bit, current))  # missing attribute
VariableDoesNotExist: Failed lookup for key [error_messages] in u'<tr><th><label for="id_username">Username:</label></th><td><input type="email" name="username" id="id_username" required class="validate" maxlength="150" /><br /><span class="helptext">Required. 150 characters or fewer. Letters, digits and @/./+/-/_ only.</span></td></tr>\n<tr><th><label for="id_first_name">First name:</label></th><td><input type="text" name="first_name" id="id_first_name" class="validate" maxlength="30" /></td></tr>\n<tr><th><label for="id_password">Password:</label></th><td><input type="password" name="password" id="id_password" required class="validate" maxlength="128" /></td></tr>'
Exception while resolving variable 'error_messages' in template 'auth/register.html'.
Traceback (most recent call last):
  File "/home/harley/.local/lib/python2.7/site-packages/django/template/base.py", line 903, in _resolve_lookup
    (bit, current))  # missing attribute
VariableDoesNotExist: Failed lookup for key [error_messages] in u'<tr><th><label for="id_username">Username:</label></th><td><input type="email" name="username" id="id_username" required class="validate" maxlength="150" /><br /><span class="helptext">Required. 150 characters or fewer. Letters, digits and @/./+/-/_ only.</span></td></tr>\n<tr><th><label for="id_first_name">First name:</label></th><td><input type="text" name="first_name" id="id_first_name" class="validate" maxlength="30" /></td></tr>\n<tr><th><label for="id_password">Password:</label></th><td><input type="password" name="password" id="id_password" required class="validate" maxlength="128" /></td></tr>'
"GET /app/register HTTP/1.1" 200 6653
"GET /static/assets/css/materialize.css.map HTTP/1.1" 404 1804
"GET / HTTP/1.1" 200 4157
"GET /static/assets/css/img/site-logo.png HTTP/1.1" 404 1798
"GET /static/assets/css/img/cover.jpg HTTP/1.1" 404 1786
"GET / HTTP/1.1" 200 4186
"GET /static/assets/css/img/site-logo.png HTTP/1.1" 404 1798
"GET /static/assets/css/img/cover.jpg HTTP/1.1" 404 1786
"GET / HTTP/1.1" 200 4186
"GET /static/assets/css/img/site-logo.png HTTP/1.1" 404 1798
"GET /static/assets/css/img/cover.jpg HTTP/1.1" 404 1786
"GET / HTTP/1.1" 200 4320
"GET /static/assets/css/img/site-logo.png HTTP/1.1" 404 1798
"GET /static/assets/css/img/cover.jpg HTTP/1.1" 404 1786
"GET / HTTP/1.1" 200 4320
"GET / HTTP/1.1" 200 4320
(0.001) 
            SELECT name, type FROM sqlite_master
            WHERE type in ('table', 'view') AND NOT name='sqlite_sequence'
            ORDER BY name; args=None
(0.000) SELECT "django_migrations"."app", "django_migrations"."name" FROM "django_migrations"; args=()
"GET / HTTP/1.1" 200 4320
"GET / HTTP/1.1" 200 4320
"GET / HTTP/1.1" 200 4320
"GET / HTTP/1.1" 200 4388
"GET / HTTP/1.1" 200 5188
"GET / HTTP/1.1" 200 5188
"GET / HTTP/1.1" 200 5213
"GET / HTTP/1.1" 200 5090
"GET / HTTP/1.1" 200 5112
"GET / HTTP/1.1" 200 5112
"GET / HTTP/1.1" 200 5112
"GET / HTTP/1.1" 200 5132
"GET / HTTP/1.1" 200 5132
"GET / HTTP/1.1" 200 5187
"GET /app/ HTTP/1.1" 200 5489
(0.006) SELECT "auth_user"."id", "auth_user"."password", "auth_user"."last_login", "auth_user"."is_superuser", "auth_user"."username", "auth_user"."first_name", "auth_user"."last_name", "auth_user"."email", "auth_user"."is_staff", "auth_user"."is_active", "auth_user"."date_joined" FROM "auth_user" WHERE "auth_user"."username" = 'augusto.berwaldt@gmail.com'; args=(u'augusto.berwaldt@gmail.com',)
(0.000) SELECT (1) AS "a" FROM "django_session" WHERE "django_session"."session_key" = 'y2s9itqsqttmnbyxii23ofx6utlttx6g' LIMIT 1; args=(u'y2s9itqsqttmnbyxii23ofx6utlttx6g',)
(0.000) BEGIN; args=None
(0.000) INSERT INTO "django_session" ("session_key", "session_data", "expire_date") SELECT 'y2s9itqsqttmnbyxii23ofx6utlttx6g', 'OWUyMDM2MGU2ZDQxMDJhNWFlNDYzNDQ5MWUyZmUxODU4YzUxN2JkNTp7fQ==', '2017-11-18 20:57:41.644778'; args=(u'y2s9itqsqttmnbyxii23ofx6utlttx6g', u'OWUyMDM2MGU2ZDQxMDJhNWFlNDYzNDQ5MWUyZmUxODU4YzUxN2JkNTp7fQ==', u'2017-11-18 20:57:41.644778')
(0.000) BEGIN; args=None
(0.000) UPDATE "auth_user" SET "last_login" = '2017-11-04 20:57:41.739830' WHERE "auth_user"."id" = 4; args=(u'2017-11-04 20:57:41.739830', 4)
(0.000) BEGIN; args=None
(0.000) UPDATE "django_session" SET "session_data" = 'NjQ0YTBiMTg3YjNhM2FiNjg4NGRmMzZiOGRhOWM0MDY3YWZlNTA5ZDp7Il9hdXRoX3VzZXJfaGFzaCI6ImMwODUyZGRiMjE5MTk2MTNkY2VjZjZjYzUyNzE2YzlhYWE2MGQ0MzUiLCJfYXV0aF91c2VyX2JhY2tlbmQiOiJkamFuZ28uY29udHJpYi5hdXRoLmJhY2tlbmRzLk1vZGVsQmFja2VuZCIsIl9hdXRoX3VzZXJfaWQiOiI0In0=', "expire_date" = '2017-11-18 20:57:41.806320' WHERE "django_session"."session_key" = 'y2s9itqsqttmnbyxii23ofx6utlttx6g'; args=(u'NjQ0YTBiMTg3YjNhM2FiNjg4NGRmMzZiOGRhOWM0MDY3YWZlNTA5ZDp7Il9hdXRoX3VzZXJfaGFzaCI6ImMwODUyZGRiMjE5MTk2MTNkY2VjZjZjYzUyNzE2YzlhYWE2MGQ0MzUiLCJfYXV0aF91c2VyX2JhY2tlbmQiOiJkamFuZ28uY29udHJpYi5hdXRoLmJhY2tlbmRzLk1vZGVsQmFja2VuZCIsIl9hdXRoX3VzZXJfaWQiOiI0In0=', u'2017-11-18 20:57:41.806320', u'y2s9itqsqttmnbyxii23ofx6utlttx6g')
"POST /app/ HTTP/1.1" 302 0
(0.001) SELECT "django_session"."session_key", "django_session"."session_data", "django_session"."expire_date" FROM "django_session" WHERE ("django_session"."session_key" = 'y2s9itqsqttmnbyxii23ofx6utlttx6g' AND "django_session"."expire_date" > '2017-11-04 20:57:41.900612'); args=('y2s9itqsqttmnbyxii23ofx6utlttx6g', u'2017-11-04 20:57:41.900612')
(0.001) SELECT "auth_user"."id", "auth_user"."password", "auth_user"."last_login", "auth_user"."is_superuser", "auth_user"."username", "auth_user"."first_name", "auth_user"."last_name", "auth_user"."email", "auth_user"."is_staff", "auth_user"."is_active", "auth_user"."date_joined" FROM "auth_user" WHERE "auth_user"."id" = 4; args=(4,)
"GET /app/home HTTP/1.1" 200 7408
"GET /static/assets/js/administrator/home/home.js HTTP/1.1" 200 2291
"GET /static/assets/img/logo.png HTTP/1.1" 200 22119
"GET /static/assets/fonts/dropify.woff HTTP/1.1" 200 3052
"GET /static/assets/css/materialize.css.map HTTP/1.1" 404 1804
"GET / HTTP/1.1" 200 5215
"GET /static/assets/css/img/site-logo.png HTTP/1.1" 404 1798
"GET / HTTP/1.1" 200 5244
"GET /static/assets/css/img/site-logo.png HTTP/1.1" 404 1798
"GET / HTTP/1.1" 200 5283
"GET /static/assets/css/img/site-logo.png HTTP/1.1" 404 1798
"GET / HTTP/1.1" 200 5289
"GET /static/assets/css/img/site-logo.png HTTP/1.1" 404 1798
"GET / HTTP/1.1" 200 5290
"GET /static/assets/css/img/site-logo.png HTTP/1.1" 404 1798
"GET / HTTP/1.1" 200 5266
"GET /static/assets/css/img/site-logo.png HTTP/1.1" 404 1798
Exception while resolving variable 'name' in template 'unknown'.
Traceback (most recent call last):
  File "/home/harley/.local/lib/python2.7/site-packages/django/template/base.py", line 903, in _resolve_lookup
    (bit, current))  # missing attribute
VariableDoesNotExist: Failed lookup for key [name] in u"<RegexURLResolver <module 'administrator.urls' from '/home/harley/PycharmProjects/diseases-recognition/administrator/urls.pyc'> (None:None) ^app/>"
Not Found: /index.html
"GET /index.html HTTP/1.1" 404 2214
"GET / HTTP/1.1" 200 5416
"GET /static/assets/css/img/site-logo.png HTTP/1.1" 404 1798
"GET / HTTP/1.1" 200 5383
"GET /static/assets/css/img/site-logo.png HTTP/1.1" 404 1798
"GET / HTTP/1.1" 200 5371
"GET /static/assets/css/img/site-logo.png HTTP/1.1" 404 1798
"GET / HTTP/1.1" 200 5324
"GET /static/assets/css/img/site-logo.png HTTP/1.1" 404 1798
"GET / HTTP/1.1" 200 5341
"GET /static/assets/css/img/site-logo.png HTTP/1.1" 404 1798
"GET / HTTP/1.1" 200 5362
"GET /static/assets/css/img/site-logo.png HTTP/1.1" 404 1798
"GET / HTTP/1.1" 200 5362
"GET / HTTP/1.1" 200 5398
"GET / HTTP/1.1" 200 5398
"GET /static/assets/css/img/site-logo.png HTTP/1.1" 404 1798
"GET / HTTP/1.1" 200 5451
"GET /static/assets/css/img/site-logo.png HTTP/1.1" 404 1798
"GET / HTTP/1.1" 200 5501
"GET /static/assets/css/img/site-logo.png HTTP/1.1" 404 1798
"GET / HTTP/1.1" 200 5501
"GET /static/assets/css/img/site-logo.png HTTP/1.1" 404 1798
"GET / HTTP/1.1" 200 5501
"GET /static/assets/css/img/site-logo.png HTTP/1.1" 404 1798
"GET / HTTP/1.1" 200 5501
"GET /static/assets/css/img/site-logo.png HTTP/1.1" 404 1798
(0.034) 
            SELECT name, type FROM sqlite_master
            WHERE type in ('table', 'view') AND NOT name='sqlite_sequence'
            ORDER BY name; args=None
(0.000) SELECT "django_migrations"."app", "django_migrations"."name" FROM "django_migrations"; args=()
"GET / HTTP/1.1" 200 5501
"GET /static/assets/css/website/main.css HTTP/1.1" 200 6069
"GET /static/assets/img/logo.png HTTP/1.1" 304 0
"GET /static/assets/css/img/site-logo.png HTTP/1.1" 404 1798
Exception while resolving variable 'name' in template 'unknown'.
Traceback (most recent call last):
  File "/home/harley/.local/lib/python2.7/site-packages/django/template/base.py", line 903, in _resolve_lookup
    (bit, current))  # missing attribute
VariableDoesNotExist: Failed lookup for key [name] in u"<RegexURLResolver <module 'administrator.urls' from '/home/harley/PycharmProjects/diseases-recognition/administrator/urls.pyc'> (None:None) ^app/>"
Not Found: /favicon.ico
"GET /favicon.ico HTTP/1.1" 404 2217
(0.006) SELECT "django_session"."session_key", "django_session"."session_data", "django_session"."expire_date" FROM "django_session" WHERE ("django_session"."session_key" = 'vw0bstj68w6np8f6yaqgb5e9elsd1vwc' AND "django_session"."expire_date" > '2017-11-05 16:57:24.157905'); args=('vw0bstj68w6np8f6yaqgb5e9elsd1vwc', u'2017-11-05 16:57:24.157905')
(0.003) SELECT "auth_user"."id", "auth_user"."password", "auth_user"."last_login", "auth_user"."is_superuser", "auth_user"."username", "auth_user"."first_name", "auth_user"."last_name", "auth_user"."email", "auth_user"."is_staff", "auth_user"."is_active", "auth_user"."date_joined" FROM "auth_user" WHERE "auth_user"."id" = 4; args=(4,)
"GET /app/ HTTP/1.1" 302 0
(0.001) SELECT "django_session"."session_key", "django_session"."session_data", "django_session"."expire_date" FROM "django_session" WHERE ("django_session"."session_key" = 'vw0bstj68w6np8f6yaqgb5e9elsd1vwc' AND "django_session"."expire_date" > '2017-11-05 16:57:24.203044'); args=('vw0bstj68w6np8f6yaqgb5e9elsd1vwc', u'2017-11-05 16:57:24.203044')
(0.000) SELECT "auth_user"."id", "auth_user"."password", "auth_user"."last_login", "auth_user"."is_superuser", "auth_user"."username", "auth_user"."first_name", "auth_user"."last_name", "auth_user"."email", "auth_user"."is_staff", "auth_user"."is_active", "auth_user"."date_joined" FROM "auth_user" WHERE "auth_user"."id" = 4; args=(4,)
"GET /app/home HTTP/1.1" 200 7408
"GET /static/assets/css/materialize.css HTTP/1.1" 304 0
"GET /static/assets/css/prism.css HTTP/1.1" 304 0
"GET /static/assets/css/simplebar.css HTTP/1.1" 304 0
"GET /static/assets/js/prism.js HTTP/1.1" 304 0
"GET /static/assets/js/initialize.js HTTP/1.1" 304 0
"GET /static/assets/js/materialize.min.js HTTP/1.1" 304 0
"GET /static/assets/js/simplebar.min.js HTTP/1.1" 304 0
"GET /static/assets/js/administrator/home/home.js HTTP/1.1" 304 0
"GET /static/assets/font/material-design-icons/Material-Design-Icons.woff2 HTTP/1.1" 304 0
"GET /static/assets/font/roboto/Roboto-Regular.woff2 HTTP/1.1" 304 0
Exception while resolving variable 'error_messages' in template 'auth/register.html'.
Traceback (most recent call last):
  File "/home/harley/.local/lib/python2.7/site-packages/django/template/base.py", line 903, in _resolve_lookup
    (bit, current))  # missing attribute
VariableDoesNotExist: Failed lookup for key [error_messages] in u'<tr><th><label for="id_username">Username:</label></th><td><input type="email" name="username" id="id_username" required class="validate" maxlength="150" /><br /><span class="helptext">Required. 150 characters or fewer. Letters, digits and @/./+/-/_ only.</span></td></tr>\n<tr><th><label for="id_first_name">First name:</label></th><td><input type="text" name="first_name" id="id_first_name" class="validate" maxlength="30" /></td></tr>\n<tr><th><label for="id_password">Password:</label></th><td><input type="password" name="password" id="id_password" required class="validate" maxlength="128" /></td></tr>'
Exception while resolving variable 'error_messages' in template 'auth/register.html'.
Traceback (most recent call last):
  File "/home/harley/.local/lib/python2.7/site-packages/django/template/base.py", line 903, in _resolve_lookup
    (bit, current))  # missing attribute
VariableDoesNotExist: Failed lookup for key [error_messages] in u'<tr><th><label for="id_username">Username:</label></th><td><input type="email" name="username" id="id_username" required class="validate" maxlength="150" /><br /><span class="helptext">Required. 150 characters or fewer. Letters, digits and @/./+/-/_ only.</span></td></tr>\n<tr><th><label for="id_first_name">First name:</label></th><td><input type="text" name="first_name" id="id_first_name" class="validate" maxlength="30" /></td></tr>\n<tr><th><label for="id_password">Password:</label></th><td><input type="password" name="password" id="id_password" required class="validate" maxlength="128" /></td></tr>'
Exception while resolving variable 'error_messages' in template 'auth/register.html'.
Traceback (most recent call last):
  File "/home/harley/.local/lib/python2.7/site-packages/django/template/base.py", line 903, in _resolve_lookup
    (bit, current))  # missing attribute
VariableDoesNotExist: Failed lookup for key [error_messages] in u'<tr><th><label for="id_username">Username:</label></th><td><input type="email" name="username" id="id_username" required class="validate" maxlength="150" /><br /><span class="helptext">Required. 150 characters or fewer. Letters, digits and @/./+/-/_ only.</span></td></tr>\n<tr><th><label for="id_first_name">First name:</label></th><td><input type="text" name="first_name" id="id_first_name" class="validate" maxlength="30" /></td></tr>\n<tr><th><label for="id_password">Password:</label></th><td><input type="password" name="password" id="id_password" required class="validate" maxlength="128" /></td></tr>'
"GET /app/register HTTP/1.1" 200 6653
"GET /static/assets/css/auth/login.css HTTP/1.1" 200 192
"GET /static/assets/font/roboto/Roboto-Light.woff2 HTTP/1.1" 304 0
(0.001) SELECT "django_session"."session_key", "django_session"."session_data", "django_session"."expire_date" FROM "django_session" WHERE ("django_session"."session_key" = 'vw0bstj68w6np8f6yaqgb5e9elsd1vwc' AND "django_session"."expire_date" > '2017-11-05 16:58:38.645532'); args=('vw0bstj68w6np8f6yaqgb5e9elsd1vwc', u'2017-11-05 16:58:38.645532')
(0.000) SELECT "auth_user"."id", "auth_user"."password", "auth_user"."last_login", "auth_user"."is_superuser", "auth_user"."username", "auth_user"."first_name", "auth_user"."last_name", "auth_user"."email", "auth_user"."is_staff", "auth_user"."is_active", "auth_user"."date_joined" FROM "auth_user" WHERE "auth_user"."id" = 4; args=(4,)
"GET /app/account HTTP/1.1" 200 13056
"GET /static/assets/img/user-icon.svg HTTP/1.1" 200 1702
"GET /static/assets/font/roboto/Roboto-Thin.woff2 HTTP/1.1" 200 48524
"GET /static/assets/font/roboto/Roboto-Bold.woff2 HTTP/1.1" 304 0
(0.001) SELECT "django_session"."session_key", "django_session"."session_data", "django_session"."expire_date" FROM "django_session" WHERE ("django_session"."session_key" = 'vw0bstj68w6np8f6yaqgb5e9elsd1vwc' AND "django_session"."expire_date" > '2017-11-05 16:59:17.631960'); args=('vw0bstj68w6np8f6yaqgb5e9elsd1vwc', u'2017-11-05 16:59:17.631960')
(0.000) SELECT "auth_user"."id", "auth_user"."password", "auth_user"."last_login", "auth_user"."is_superuser", "auth_user"."username", "auth_user"."first_name", "auth_user"."last_name", "auth_user"."email", "auth_user"."is_staff", "auth_user"."is_active", "auth_user"."date_joined" FROM "auth_user" WHERE "auth_user"."id" = 4; args=(4,)
"POST /app/classifier/getDisease HTTP/1.1" 200 307
(0.001) SELECT "django_session"."session_key", "django_session"."session_data", "django_session"."expire_date" FROM "django_session" WHERE ("django_session"."session_key" = 'vw0bstj68w6np8f6yaqgb5e9elsd1vwc' AND "django_session"."expire_date" > '2017-11-05 16:59:29.203363'); args=('vw0bstj68w6np8f6yaqgb5e9elsd1vwc', u'2017-11-05 16:59:29.203363')
(0.000) SELECT "auth_user"."id", "auth_user"."password", "auth_user"."last_login", "auth_user"."is_superuser", "auth_user"."username", "auth_user"."first_name", "auth_user"."last_name", "auth_user"."email", "auth_user"."is_staff", "auth_user"."is_active", "auth_user"."date_joined" FROM "auth_user" WHERE "auth_user"."id" = 4; args=(4,)
"POST /app/classifier/getDisease HTTP/1.1" 200 422
